2026-07-22 23:10:49,517 - data_preprocessing - DEBUG - Data loaded properly
2026-07-22 23:10:49,518 - data_preprocessing - DEBUG - Starting preprocessing for DataFrame
2026-07-22 23:10:49,529 - data_preprocessing - DEBUG - Target column encoded
2026-07-22 23:10:49,549 - data_preprocessing - DEBUG - Duplicates removed
2026-07-22 23:10:49,553 - data_preprocessing - ERROR - Error during text normalization: 
**********************************************************************
  Resource [93mpunkt_tab[0m not found.
  Please use the NLTK Downloader to obtain the resource:

  [31m>>> import nltk
  >>> nltk.download('punkt_tab')
  [0m
  For more information see: https://www.nltk.org/data.html

  Attempted to load [93mtokenizers/punkt_tab/english/[0m

  Searched in:
    - 'C:\\Users\\Atharva/nltk_data'
    - 'C:\\Users\\Atharva\\AppData\\Local\\Programs\\Python\\Python313\\nltk_data'
    - 'C:\\Users\\Atharva\\AppData\\Local\\Programs\\Python\\Python313\\share\\nltk_data'
    - 'C:\\Users\\Atharva\\AppData\\Local\\Programs\\Python\\Python313\\lib\\nltk_data'
    - 'C:\\Users\\Atharva\\AppData\\Roaming\\nltk_data'
    - 'C:\\nltk_data'
    - 'D:\\nltk_data'
    - 'E:\\nltk_data'
**********************************************************************

2026-07-22 23:10:49,555 - data_preprocessing - ERROR - Failed to complete the data transformation process: 
**********************************************************************
  Resource [93mpunkt_tab[0m not found.
  Please use the NLTK Downloader to obtain the resource:

  [31m>>> import nltk
  >>> nltk.download('punkt_tab')
  [0m
  For more information see: https://www.nltk.org/data.html

  Attempted to load [93mtokenizers/punkt_tab/english/[0m

  Searched in:
    - 'C:\\Users\\Atharva/nltk_data'
    - 'C:\\Users\\Atharva\\AppData\\Local\\Programs\\Python\\Python313\\nltk_data'
    - 'C:\\Users\\Atharva\\AppData\\Local\\Programs\\Python\\Python313\\share\\nltk_data'
    - 'C:\\Users\\Atharva\\AppData\\Local\\Programs\\Python\\Python313\\lib\\nltk_data'
    - 'C:\\Users\\Atharva\\AppData\\Roaming\\nltk_data'
    - 'C:\\nltk_data'
    - 'D:\\nltk_data'
    - 'E:\\nltk_data'
**********************************************************************

2026-07-22 23:13:26,004 - data_preprocessing - DEBUG - Data loaded properly
2026-07-22 23:13:26,005 - data_preprocessing - DEBUG - Starting preprocessing for DataFrame
2026-07-22 23:13:26,015 - data_preprocessing - DEBUG - Target column encoded
2026-07-22 23:13:26,031 - data_preprocessing - DEBUG - Duplicates removed
2026-07-22 23:13:40,403 - data_preprocessing - DEBUG - Text column transformed
2026-07-22 23:13:40,404 - data_preprocessing - DEBUG - Starting preprocessing for DataFrame
2026-07-22 23:13:40,404 - data_preprocessing - DEBUG - Target column encoded
2026-07-22 23:13:40,406 - data_preprocessing - DEBUG - Duplicates removed
2026-07-22 23:13:44,227 - data_preprocessing - DEBUG - Text column transformed
2026-07-22 23:13:44,249 - data_preprocessing - DEBUG - Processed data saved to ./data\interim
2026-07-22 23:54:48,450 - data_preprocessing - DEBUG - Data loaded properly
2026-07-22 23:54:48,452 - data_preprocessing - DEBUG - Starting preprocessing for DataFrame
2026-07-22 23:54:48,455 - data_preprocessing - DEBUG - Target column encoded
2026-07-22 23:54:48,468 - data_preprocessing - DEBUG - Duplicates removed
2026-07-22 23:55:04,605 - data_preprocessing - DEBUG - Text column transformed
2026-07-22 23:55:04,606 - data_preprocessing - DEBUG - Starting preprocessing for DataFrame
2026-07-22 23:55:04,607 - data_preprocessing - DEBUG - Target column encoded
2026-07-22 23:55:04,609 - data_preprocessing - DEBUG - Duplicates removed
2026-07-22 23:55:09,396 - data_preprocessing - DEBUG - Text column transformed
2026-07-22 23:55:09,410 - data_preprocessing - DEBUG - Processed data saved to ./data\interim
2026-07-22 23:55:29,479 - data_preprocessing - DEBUG - Data loaded properly
2026-07-22 23:55:29,481 - data_preprocessing - DEBUG - Starting preprocessing for DataFrame
2026-07-22 23:55:29,498 - data_preprocessing - DEBUG - Target column encoded
2026-07-22 23:55:29,526 - data_preprocessing - DEBUG - Duplicates removed
2026-07-22 23:55:47,934 - data_preprocessing - DEBUG - Text column transformed
2026-07-22 23:55:47,934 - data_preprocessing - DEBUG - Starting preprocessing for DataFrame
2026-07-22 23:55:47,935 - data_preprocessing - DEBUG - Target column encoded
2026-07-22 23:55:47,938 - data_preprocessing - DEBUG - Duplicates removed
2026-07-22 23:55:56,248 - data_preprocessing - DEBUG - Text column transformed
2026-07-22 23:55:56,288 - data_preprocessing - DEBUG - Processed data saved to ./data\interim
