2026-07-22 23:18:30,939 - feature_engineering - ERROR - File not found: params.yaml
2026-07-22 23:18:30,941 - feature_engineering - ERROR - Failed to complete the feature engineering process: [Errno 2] No such file or directory: 'params.yaml'
2026-07-22 23:20:59,313 - feature_engineering - ERROR - Failed to complete the feature engineering process: name 'load_params' is not defined
2026-07-22 23:22:38,943 - feature_engineering - DEBUG - Parameters retrieved from params.yaml
2026-07-22 23:22:38,969 - feature_engineering - DEBUG - Data loaded and NaNs filled from ./data/interim/train_processed.csv
2026-07-22 23:22:38,978 - feature_engineering - DEBUG - Data loaded and NaNs filled from ./data/interim/test_processed.csv
2026-07-22 23:22:39,120 - feature_engineering - DEBUG - tfidf applied and data transformed
2026-07-22 23:22:52,766 - feature_engineering - DEBUG - Data saved to ./data\processed\train_tfidf.csv
2026-07-22 23:22:57,008 - feature_engineering - DEBUG - Data saved to ./data\processed\test_tfidf.csv
2026-07-22 23:56:00,103 - feature_engineering - DEBUG - Parameters retrieved from params.yaml
2026-07-22 23:56:00,118 - feature_engineering - DEBUG - Data loaded and NaNs filled from ./data/interim/train_processed.csv
2026-07-22 23:56:00,123 - feature_engineering - DEBUG - Data loaded and NaNs filled from ./data/interim/test_processed.csv
2026-07-22 23:56:00,229 - feature_engineering - DEBUG - tfidf applied and data transformed
2026-07-22 23:56:14,945 - feature_engineering - DEBUG - Data saved to ./data\processed\train_tfidf.csv
2026-07-22 23:56:18,113 - feature_engineering - DEBUG - Data saved to ./data\processed\test_tfidf.csv
2026-07-22 23:56:35,820 - feature_engineering - DEBUG - Parameters retrieved from params.yaml
2026-07-22 23:56:35,831 - feature_engineering - DEBUG - Data loaded and NaNs filled from ./data/interim/train_processed.csv
2026-07-22 23:56:35,838 - feature_engineering - DEBUG - Data loaded and NaNs filled from ./data/interim/test_processed.csv
2026-07-22 23:56:35,941 - feature_engineering - DEBUG - tfidf applied and data transformed
2026-07-22 23:56:54,389 - feature_engineering - DEBUG - Data saved to ./data\processed\train_tfidf.csv
2026-07-22 23:56:57,450 - feature_engineering - DEBUG - Data saved to ./data\processed\test_tfidf.csv
2026-07-23 10:07:12,306 - feature_engineering - DEBUG - Parameters retrieved from params.yaml
2026-07-23 10:07:12,333 - feature_engineering - DEBUG - Data loaded and NaNs filled from ./data/interim/train_processed.csv
2026-07-23 10:07:12,337 - feature_engineering - DEBUG - Data loaded and NaNs filled from ./data/interim/test_processed.csv
2026-07-23 10:07:12,412 - feature_engineering - DEBUG - tfidf applied and data transformed
2026-07-23 10:07:12,503 - feature_engineering - DEBUG - Data saved to ./data\processed\train_tfidf.csv
2026-07-23 10:07:12,534 - feature_engineering - DEBUG - Data saved to ./data\processed\test_tfidf.csv
