2026-07-22 23:28:04,219 - model_building - DEBUG - Parameters retrieved from params.yaml
2026-07-22 23:28:04,221 - model_building - ERROR - Failed to complete the model building process: 'model_building'
2026-07-22 23:28:43,780 - model_building - DEBUG - Parameters retrieved from params.yaml
2026-07-22 23:28:43,780 - model_building - ERROR - Failed to complete the model building process: 'model_building'
2026-07-22 23:32:36,601 - model_building - DEBUG - Parameters retrieved from params.yaml
2026-07-22 23:32:39,163 - model_building - DEBUG - Data loaded from ./data/processed/train_tfidf.csv with shape (4152, 5001)
2026-07-22 23:32:39,239 - model_building - DEBUG - Initializing RandomForest model with parameters: {'n_estimators': 100, 'random_state': 42}
2026-07-22 23:32:39,239 - model_building - DEBUG - Model training started with 4152 samples
2026-07-22 23:32:48,468 - model_building - DEBUG - Model training completed
2026-07-22 23:32:48,510 - model_building - DEBUG - Model saved to models/model.pkl
2026-07-22 23:57:00,735 - model_building - DEBUG - Parameters retrieved from params.yaml
2026-07-22 23:57:03,352 - model_building - DEBUG - Data loaded from ./data/processed/train_tfidf.csv with shape (4152, 5001)
2026-07-22 23:57:03,443 - model_building - DEBUG - Initializing RandomForest model with parameters: {'n_estimators': 100, 'random_state': 42}
2026-07-22 23:57:03,445 - model_building - DEBUG - Model training started with 4152 samples
2026-07-22 23:57:12,462 - model_building - DEBUG - Model training completed
2026-07-22 23:57:12,484 - model_building - DEBUG - Model saved to models/model.pkl
2026-07-22 23:57:29,536 - model_building - DEBUG - Parameters retrieved from params.yaml
2026-07-22 23:57:34,841 - model_building - DEBUG - Data loaded from ./data/processed/train_tfidf.csv with shape (4152, 5001)
2026-07-22 23:57:34,938 - model_building - DEBUG - Initializing RandomForest model with parameters: {'n_estimators': 100, 'random_state': 42}
2026-07-22 23:57:34,939 - model_building - DEBUG - Model training started with 4152 samples
2026-07-22 23:57:48,797 - model_building - DEBUG - Model training completed
2026-07-22 23:57:48,834 - model_building - DEBUG - Model saved to models/model.pkl
2026-07-23 10:07:17,691 - model_building - DEBUG - Parameters retrieved from params.yaml
2026-07-23 10:07:17,801 - model_building - DEBUG - Data loaded from ./data/processed/train_tfidf.csv with shape (4152, 36)
2026-07-23 10:07:17,911 - model_building - DEBUG - Initializing RandomForest model with parameters: {'n_estimators': 22, 'random_state': 2}
2026-07-23 10:07:17,912 - model_building - DEBUG - Model training started with 4152 samples
2026-07-23 10:07:18,159 - model_building - DEBUG - Model training completed
2026-07-23 10:07:18,169 - model_building - DEBUG - Model saved to models/model.pkl
